[2018-01-10T11:54:36.404479515][MyFirstDANProgram:12399][log-lib][info] Logging library version '1.3.0 (rev. 75545 built svc_codac_builder 2017-02-20T15:16)' has initialized
[2018-01-10T11:54:36.404585634][MyFirstDANProgram:12399][tcn-api][info] TCN library version '(rev. 75545 built svc_codac_builder 2017-02-20T15:27)' has initialized
[2018-01-10T11:54:36.404592997][MyFirstDANProgram:12399][tcn-api][info] Registering device /etc/opt/codac-5.4/tcn/tcn-default.xml
[2018-01-10T11:54:36.404597019][MyFirstDANProgram:12399][tcn-api][info] Try to open configuration: /etc/opt/codac-5.4/tcn/tcn-default.xml
[2018-01-10T11:54:36.406554238][MyFirstDANProgram:12399][tcn-api][info] Device name: System clock device
[2018-01-10T11:54:36.406556809][MyFirstDANProgram:12399][tcn-api][info] Plugin selected: liblocal-tcn.so
[2018-01-10T11:54:36.406565143][MyFirstDANProgram:12399][tcn-api][info] Configuration /etc/opt/codac-5.4/tcn/tcn-default.xml parsed
[2018-01-10T11:54:36.406567251][MyFirstDANProgram:12399][tcn-api][info] Tcn device allocated 16D75E0
[2018-01-10T11:54:36.408580850][MyFirstDANProgram:12399][tcn-api][info] Plugin allocated 16D6E30
[2018-01-10T11:54:36.408586406][MyFirstDANProgram:12399][tcn-api][info] cti_configure found
[2018-01-10T11:54:36.408586873][MyFirstDANProgram:12399][tcn-api][info] cti_finalize found
[2018-01-10T11:54:36.408592254][MyFirstDANProgram:12399][tcn-api][info] /opt/codac-5.4/lib/liblocal-tcn.so: undefined symbol: cti_get_ds
[2018-01-10T11:54:36.408594121][MyFirstDANProgram:12399][tcn-api][info] /opt/codac-5.4/lib/liblocal-tcn.so: undefined symbol: cti_get_gmc_off
[2018-01-10T11:54:36.408596329][MyFirstDANProgram:12399][tcn-api][info] /opt/codac-5.4/lib/liblocal-tcn.so: undefined symbol: cti_get_ptp_state
[2018-01-10T11:54:36.408596813][MyFirstDANProgram:12399][tcn-api][info] cti_get_time found
[2018-01-10T11:54:36.408597216][MyFirstDANProgram:12399][tcn-api][info] cti_get_version found
[2018-01-10T11:54:36.408597580][MyFirstDANProgram:12399][tcn-api][info] cti_init found
[2018-01-10T11:54:36.408597906][MyFirstDANProgram:12399][tcn-api][info] cti_set_time found
[2018-01-10T11:54:36.408599474][MyFirstDANProgram:12399][tcn-api][info] /opt/codac-5.4/lib/liblocal-tcn.so: undefined symbol: cti_wait_until
[2018-01-10T11:54:36.408600741][MyFirstDANProgram:12399][tcn-api][info] /opt/codac-5.4/lib/liblocal-tcn.so: undefined symbol: cti_utc_tai_off
[2018-01-10T11:54:36.408602192][MyFirstDANProgram:12399][tcn-api][info] /opt/codac-5.4/lib/liblocal-tcn.so: undefined symbol: cti_interrupt
[2018-01-10T11:54:36.408602727][MyFirstDANProgram:12399][tcn-api][info] cti_get_timescale found
[2018-01-10T11:54:36.408602958][MyFirstDANProgram:12399][tcn-api][info] Configuring device...
[2018-01-10T11:54:36.408603332][MyFirstDANProgram:12399][tcn-api][info] Plug-in time scale is: UTC
[2018-01-10T11:54:36.408604114][MyFirstDANProgram:12399][tcn-api][info] TCN version 3.2.1
[2018-01-10T11:54:36.408604467][MyFirstDANProgram:12399][tcn-api][info] Plug-in version local 2.1.0
[2018-01-10T11:54:36.408604734][MyFirstDANProgram:12399][tcn-api][info] Size of the pool of thread: 0
[2018-01-10T11:54:36.408607915][MyFirstDANProgram:12399][tcn-api][info] Try to load /etc/opt/codac-5.4/tcn/leap-seconds.list leap file
[2018-01-10T11:54:36.409254753][MyFirstDANProgram:12399][log-lib][warning] '5' logs have been dropped from queue (queue full)
[2018-01-10T11:54:36.409880986][MyFirstDANProgram:12399][sdn-api][info] logging 1000 sample 
[2018-01-10T11:54:36.410879948][MyFirstDANProgram:12399][sdn-api][info] logging 1000 sample 
[2018-01-10T11:54:36.411880333][MyFirstDANProgram:12399][sdn-api][info] logging 1000 sample 
[2018-01-10T11:54:36.412880195][MyFirstDANProgram:12399][sdn-api][info] logging 1000 sample 
[2018-01-10T11:54:36.413884116][MyFirstDANProgram:12399][sdn-api][info] logging 1000 sample 
[2018-01-10T11:54:36.414888063][MyFirstDANProgram:12399][sdn-api][info] logging 1000 sample 
[2018-01-10T11:54:36.415879850][MyFirstDANProgram:12399][sdn-api][info] logging 1000 sample 
[2018-01-10T11:54:36.416881758][MyFirstDANProgram:12399][sdn-api][info] logging 1000 sample 
[2018-01-10T11:54:36.417880820][MyFirstDANProgram:12399][sdn-api][info] logging 1000 sample 
[2018-01-10T11:54:36.418923822][MyFirstDANProgram:12399][sdn-api][info] logging 1000 sample 
[2018-01-10T11:54:36.419888037][MyFirstDANProgram:12399][sdn-api][info] logging 1000 sample 
[2018-01-10T11:54:36.420893066][MyFirstDANProgram:12399][sdn-api][info] logging 1000 sample 
[2018-01-10T11:54:36.421880520][MyFirstDANProgram:12399][sdn-api][info] logging 1000 sample 
[2018-01-10T11:54:36.422879425][MyFirstDANProgram:12399][sdn-api][info] logging 1000 sample 
[2018-01-10T11:54:36.423879960][MyFirstDANProgram:12399][sdn-api][info] logging 1000 sample 
[2018-01-10T11:54:36.424880404][MyFirstDANProgram:12399][sdn-api][info] logging 1000 sample 
[2018-01-10T11:54:36.425879866][MyFirstDANProgram:12399][sdn-api][info] logging 1000 sample 
[2018-01-10T11:54:36.426879610][MyFirstDANProgram:12399][sdn-api][info] logging 1000 sample 
[2018-01-10T11:54:36.427889395][MyFirstDANProgram:12399][sdn-api][info] logging 1000 sample 
[2018-01-10T11:54:36.428884263][MyFirstDANProgram:12399][sdn-api][info] logging 1000 sample 
[2018-01-10T11:54:36.429878945][MyFirstDANProgram:12399][sdn-api][info] logging 1000 sample 
[2018-01-10T11:54:36.430880000][MyFirstDANProgram:12399][sdn-api][info] logging 1000 sample 
[2018-01-10T11:54:36.431879969][MyFirstDANProgram:12399][sdn-api][info] logging 1000 sample 
[2018-01-10T11:54:36.432880070][MyFirstDANProgram:12399][sdn-api][info] logging 1000 sample 
[2018-01-10T11:54:36.433880365][MyFirstDANProgram:12399][sdn-api][info] logging 1000 sample 
[2018-01-10T11:54:36.434887739][MyFirstDANProgram:12399][sdn-api][info] logging 1000 sample 
[2018-01-10T11:54:36.435883380][MyFirstDANProgram:12399][sdn-api][info] logging 1000 sample 
[2018-01-10T11:54:36.436879685][MyFirstDANProgram:12399][sdn-api][info] logging 1000 sample 
[2018-01-10T11:54:36.437879171][MyFirstDANProgram:12399][sdn-api][info] logging 1000 sample 
[2018-01-10T11:54:36.438894445][MyFirstDANProgram:12399][sdn-api][info] logging 1000 sample 
[2018-01-10T11:54:36.439879124][MyFirstDANProgram:12399][sdn-api][info] logging 1000 sample 
[2018-01-10T11:54:36.440878988][MyFirstDANProgram:12399][sdn-api][info] logging 1000 sample 
[2018-01-10T11:54:36.441886763][MyFirstDANProgram:12399][sdn-api][info] logging 1000 sample 
[2018-01-10T11:54:36.442878989][MyFirstDANProgram:12399][sdn-api][info] logging 1000 sample 
[2018-01-10T11:54:36.443878733][MyFirstDANProgram:12399][sdn-api][info] logging 1000 sample 
[2018-01-10T11:54:36.444880186][MyFirstDANProgram:12399][sdn-api][info] logging 1000 sample 
[2018-01-10T11:54:36.445878794][MyFirstDANProgram:12399][sdn-api][info] logging 1000 sample 
[2018-01-10T11:54:36.446879231][MyFirstDANProgram:12399][sdn-api][info] logging 1000 sample 
[2018-01-10T11:54:36.447880585][MyFirstDANProgram:12399][sdn-api][info] logging 1000 sample 
[2018-01-10T11:54:36.448888792][MyFirstDANProgram:12399][sdn-api][info] logging 1000 sample 
[2018-01-10T11:54:36.449881255][MyFirstDANProgram:12399][sdn-api][info] logging 1000 sample 
[2018-01-10T11:54:36.450887658][MyFirstDANProgram:12399][sdn-api][info] logging 1000 sample 
[2018-01-10T11:54:36.451904474][MyFirstDANProgram:12399][sdn-api][info] logging 1000 sample 
[2018-01-10T11:54:36.452882700][MyFirstDANProgram:12399][sdn-api][info] logging 1000 sample 
[2018-01-10T11:54:36.453881316][MyFirstDANProgram:12399][sdn-api][info] logging 1000 sample 
[2018-01-10T11:54:36.454882785][MyFirstDANProgram:12399][sdn-api][info] logging 1000 sample 
[2018-01-10T11:54:36.455883986][MyFirstDANProgram:12399][sdn-api][info] logging 1000 sample 
[2018-01-10T11:54:36.456880265][MyFirstDANProgram:12399][sdn-api][info] logging 1000 sample 
[2018-01-10T11:54:36.457879366][MyFirstDANProgram:12399][sdn-api][info] logging 1000 sample 
[2018-01-10T11:54:36.458879190][MyFirstDANProgram:12399][sdn-api][info] logging 1000 sample 
[2018-01-10T11:54:36.459887900][MyFirstDANProgram:12399][sdn-api][info] logging 1000 sample 
[2018-01-10T11:54:36.460879247][MyFirstDANProgram:12399][sdn-api][info] logging 1000 sample 
[2018-01-10T11:54:36.461879291][MyFirstDANProgram:12399][sdn-api][info] logging 1000 sample 
[2018-01-10T11:54:36.462879207][MyFirstDANProgram:12399][sdn-api][info] logging 1000 sample 
[2018-01-10T11:54:36.463879164][MyFirstDANProgram:12399][sdn-api][info] logging 1000 sample 
[2018-01-10T11:54:36.464879489][MyFirstDANProgram:12399][sdn-api][info] logging 1000 sample 
[2018-01-10T11:54:36.465878949][MyFirstDANProgram:12399][sdn-api][info] logging 1000 sample 
[2018-01-10T11:54:36.466879166][MyFirstDANProgram:12399][sdn-api][info] logging 1000 sample 
[2018-01-10T11:54:36.467880626][MyFirstDANProgram:12399][sdn-api][info] logging 1000 sample 
[2018-01-10T11:54:36.468880202][MyFirstDANProgram:12399][sdn-api][info] logging 1000 sample 
[2018-01-10T11:54:36.469886653][MyFirstDANProgram:12399][sdn-api][info] logging 1000 sample 
[2018-01-10T11:54:36.470880638][MyFirstDANProgram:12399][sdn-api][info] logging 1000 sample 
[2018-01-10T11:54:36.471880733][MyFirstDANProgram:12399][sdn-api][info] logging 1000 sample 
[2018-01-10T11:54:36.472880877][MyFirstDANProgram:12399][sdn-api][info] logging 1000 sample 
[2018-01-10T11:54:36.473881132][MyFirstDANProgram:12399][sdn-api][info] logging 1000 sample 
[2018-01-10T11:54:36.474881612][MyFirstDANProgram:12399][sdn-api][info] logging 1000 sample 
[2018-01-10T11:54:36.475883633][MyFirstDANProgram:12399][sdn-api][info] logging 1000 sample 
[2018-01-10T11:54:36.476883079][MyFirstDANProgram:12399][sdn-api][info] logging 1000 sample 
[2018-01-10T11:54:36.477883015][MyFirstDANProgram:12399][sdn-api][info] logging 1000 sample 
[2018-01-10T11:54:36.478883078][MyFirstDANProgram:12399][sdn-api][info] logging 1000 sample 
[2018-01-10T11:54:36.479891275][MyFirstDANProgram:12399][sdn-api][info] logging 1000 sample 
[2018-01-10T11:54:36.480885225][MyFirstDANProgram:12399][sdn-api][info] logging 1000 sample 
[2018-01-10T11:54:36.481883488][MyFirstDANProgram:12399][sdn-api][info] logging 1000 sample 
[2018-01-10T11:54:36.482883014][MyFirstDANProgram:12399][sdn-api][info] logging 1000 sample 
[2018-01-10T11:54:36.483884059][MyFirstDANProgram:12399][sdn-api][info] logging 1000 sample 
[2018-01-10T11:54:36.484882695][MyFirstDANProgram:12399][sdn-api][info] logging 1000 sample 
[2018-01-10T11:54:36.485884038][MyFirstDANProgram:12399][sdn-api][info] logging 1000 sample 
[2018-01-10T11:54:36.486881483][MyFirstDANProgram:12399][sdn-api][info] logging 1000 sample 
[2018-01-10T11:54:36.487881938][MyFirstDANProgram:12399][sdn-api][info] logging 1000 sample 
[2018-01-10T11:54:36.488882234][MyFirstDANProgram:12399][sdn-api][info] logging 1000 sample 
[2018-01-10T11:54:36.489891674][MyFirstDANProgram:12399][sdn-api][info] logging 1000 sample 
[2018-01-10T11:54:36.490883437][MyFirstDANProgram:12399][sdn-api][info] logging 1000 sample 
[2018-01-10T11:54:36.491881470][MyFirstDANProgram:12399][sdn-api][info] logging 1000 sample 
[2018-01-10T11:54:36.492881979][MyFirstDANProgram:12399][sdn-api][info] logging 1000 sample 
[2018-01-10T11:54:36.493884153][MyFirstDANProgram:12399][sdn-api][info] logging 1000 sample 
[2018-01-10T11:54:36.494884280][MyFirstDANProgram:12399][sdn-api][info] logging 1000 sample 
[2018-01-10T11:54:36.495883561][MyFirstDANProgram:12399][sdn-api][info] logging 1000 sample 
[2018-01-10T11:54:36.496883522][MyFirstDANProgram:12399][sdn-api][info] logging 1000 sample 
[2018-01-10T11:54:36.497883161][MyFirstDANProgram:12399][sdn-api][info] logging 1000 sample 
[2018-01-10T11:54:36.498883217][MyFirstDANProgram:12399][sdn-api][info] logging 1000 sample 
[2018-01-10T11:54:36.499884745][MyFirstDANProgram:12399][sdn-api][info] logging 1000 sample 
[2018-01-10T11:54:36.500898381][MyFirstDANProgram:12399][sdn-api][info] logging 1000 sample 
[2018-01-10T11:54:36.501885248][MyFirstDANProgram:12399][sdn-api][info] logging 1000 sample 
[2018-01-10T11:54:36.502892079][MyFirstDANProgram:12399][sdn-api][info] logging 1000 sample 
[2018-01-10T11:54:36.503885395][MyFirstDANProgram:12399][sdn-api][info] logging 1000 sample 
[2018-01-10T11:54:36.504885193][MyFirstDANProgram:12399][sdn-api][info] logging 1000 sample 
[2018-01-10T11:54:36.505884849][MyFirstDANProgram:12399][sdn-api][info] logging 1000 sample 
[2018-01-10T11:54:36.506887536][MyFirstDANProgram:12399][sdn-api][info] logging 1000 sample 
[2018-01-10T11:54:36.507888913][MyFirstDANProgram:12399][sdn-api][info] logging 1000 sample 
[2018-01-10T11:54:36.508888910][MyFirstDANProgram:12399][sdn-api][info] logging 1000 sample 
[2018-01-10T11:54:36.509885175][MyFirstDANProgram:12399][sdn-api][info] logging 1000 sample 
[2018-01-10T11:54:36.510898624][MyFirstDANProgram:12399][sdn-api][info] logging 1000 sample 
[2018-01-10T11:54:36.511885360][MyFirstDANProgram:12399][sdn-api][info] logging 1000 sample 
[2018-01-10T11:54:36.512885314][MyFirstDANProgram:12399][sdn-api][info] logging 1000 sample 
[2018-01-10T11:54:36.513887311][MyFirstDANProgram:12399][sdn-api][info] logging 1000 sample 
[2018-01-10T11:54:36.514886411][MyFirstDANProgram:12399][sdn-api][info] logging 1000 sample 
[2018-01-10T11:54:36.515886311][MyFirstDANProgram:12399][sdn-api][info] logging 1000 sample 
[2018-01-10T11:54:36.516885449][MyFirstDANProgram:12399][sdn-api][info] logging 1000 sample 
[2018-01-10T11:54:36.517891861][MyFirstDANProgram:12399][sdn-api][info] logging 1000 sample 
[2018-01-10T11:54:36.518891431][MyFirstDANProgram:12399][sdn-api][info] logging 1000 sample 
[2018-01-10T11:54:36.519891504][MyFirstDANProgram:12399][sdn-api][info] logging 1000 sample 
[2018-01-10T11:54:36.520904783][MyFirstDANProgram:12399][sdn-api][info] logging 1000 sample 
[2018-01-10T11:54:36.521887987][MyFirstDANProgram:12399][sdn-api][info] logging 1000 sample 
[2018-01-10T11:54:36.522888555][MyFirstDANProgram:12399][sdn-api][info] logging 1000 sample 
[2018-01-10T11:54:36.523887471][MyFirstDANProgram:12399][sdn-api][info] logging 1000 sample 
[2018-01-10T11:54:36.524885312][MyFirstDANProgram:12399][sdn-api][info] logging 1000 sample 
[2018-01-10T11:54:36.525885650][MyFirstDANProgram:12399][sdn-api][info] logging 1000 sample 
[2018-01-10T11:54:36.526885076][MyFirstDANProgram:12399][sdn-api][info] logging 1000 sample 
[2018-01-10T11:54:36.527886122][MyFirstDANProgram:12399][sdn-api][info] logging 1000 sample 
[2018-01-10T11:54:36.528888996][MyFirstDANProgram:12399][sdn-api][info] logging 1000 sample 
[2018-01-10T11:54:36.529886762][MyFirstDANProgram:12399][sdn-api][info] logging 1000 sample 
[2018-01-10T11:54:36.530897437][MyFirstDANProgram:12399][sdn-api][info] logging 1000 sample 
[2018-01-10T11:54:36.531885614][MyFirstDANProgram:12399][sdn-api][info] logging 1000 sample 
[2018-01-10T11:54:36.532885340][MyFirstDANProgram:12399][sdn-api][info] logging 1000 sample 
[2018-01-10T11:54:36.533885291][MyFirstDANProgram:12399][sdn-api][info] logging 1000 sample 
[2018-01-10T11:54:36.534888151][MyFirstDANProgram:12399][sdn-api][info] logging 1000 sample 
[2018-01-10T11:54:36.535887112][MyFirstDANProgram:12399][sdn-api][info] logging 1000 sample 
[2018-01-10T11:54:36.536893022][MyFirstDANProgram:12399][sdn-api][info] logging 1000 sample 
[2018-01-10T11:54:36.537892035][MyFirstDANProgram:12399][sdn-api][info] logging 1000 sample 
[2018-01-10T11:54:36.538891801][MyFirstDANProgram:12399][sdn-api][info] logging 1000 sample 
[2018-01-10T11:54:36.539893964][MyFirstDANProgram:12399][sdn-api][info] logging 1000 sample 
[2018-01-10T11:54:36.540888600][MyFirstDANProgram:12399][sdn-api][info] logging 1000 sample 
[2018-01-10T11:54:36.541908828][MyFirstDANProgram:12399][sdn-api][info] logging 1000 sample 
[2018-01-10T11:54:36.542890260][MyFirstDANProgram:12399][sdn-api][info] logging 1000 sample 
[2018-01-10T11:54:36.543910845][MyFirstDANProgram:12399][sdn-api][info] logging 1000 sample 
[2018-01-10T11:54:36.544888994][MyFirstDANProgram:12399][sdn-api][info] logging 1000 sample 
[2018-01-10T11:54:36.545884596][MyFirstDANProgram:12399][sdn-api][info] logging 1000 sample 
[2018-01-10T11:54:36.546884715][MyFirstDANProgram:12399][sdn-api][info] logging 1000 sample 
[2018-01-10T11:54:36.547884746][MyFirstDANProgram:12399][sdn-api][info] logging 1000 sample 
[2018-01-10T11:54:36.548884561][MyFirstDANProgram:12399][sdn-api][info] logging 1000 sample 
[2018-01-10T11:54:36.549887880][MyFirstDANProgram:12399][sdn-api][info] logging 1000 sample 
[2018-01-10T11:54:36.550884571][MyFirstDANProgram:12399][sdn-api][info] logging 1000 sample 
[2018-01-10T11:54:36.551894643][MyFirstDANProgram:12399][sdn-api][info] logging 1000 sample 
[2018-01-10T11:54:36.552884524][MyFirstDANProgram:12399][sdn-api][info] logging 1000 sample 
[2018-01-10T11:54:36.553889045][MyFirstDANProgram:12399][sdn-api][info] logging 1000 sample 
[2018-01-10T11:54:36.554884039][MyFirstDANProgram:12399][sdn-api][info] logging 1000 sample 
[2018-01-10T11:54:36.555884961][MyFirstDANProgram:12399][sdn-api][info] logging 1000 sample 
[2018-01-10T11:54:36.556888369][MyFirstDANProgram:12399][sdn-api][info] logging 1000 sample 
[2018-01-10T11:54:36.557885837][MyFirstDANProgram:12399][sdn-api][info] logging 1000 sample 
[2018-01-10T11:54:36.558885434][MyFirstDANProgram:12399][sdn-api][info] logging 1000 sample 
[2018-01-10T11:54:36.559885107][MyFirstDANProgram:12399][sdn-api][info] logging 1000 sample 
[2018-01-10T11:54:36.560887657][MyFirstDANProgram:12399][sdn-api][info] logging 1000 sample 
[2018-01-10T11:54:36.561899512][MyFirstDANProgram:12399][sdn-api][info] logging 1000 sample 
[2018-01-10T11:54:36.562886402][MyFirstDANProgram:12399][sdn-api][info] logging 1000 sample 
[2018-01-10T11:54:36.563885611][MyFirstDANProgram:12399][sdn-api][info] logging 1000 sample 
[2018-01-10T11:54:36.564885190][MyFirstDANProgram:12399][sdn-api][info] logging 1000 sample 
[2018-01-10T11:54:36.565885529][MyFirstDANProgram:12399][sdn-api][info] logging 1000 sample 
[2018-01-10T11:54:36.566885299][MyFirstDANProgram:12399][sdn-api][info] logging 1000 sample 
[2018-01-10T11:54:36.567885456][MyFirstDANProgram:12399][sdn-api][info] logging 1000 sample 
[2018-01-10T11:54:36.568887664][MyFirstDANProgram:12399][sdn-api][info] logging 1000 sample 
[2018-01-10T11:54:36.569886946][MyFirstDANProgram:12399][sdn-api][info] logging 1000 sample 
[2018-01-10T11:54:36.570887613][MyFirstDANProgram:12399][sdn-api][info] logging 1000 sample 
[2018-01-10T11:54:36.571897884][MyFirstDANProgram:12399][sdn-api][info] logging 1000 sample 
[2018-01-10T11:54:36.572888104][MyFirstDANProgram:12399][sdn-api][info] logging 1000 sample 
[2018-01-10T11:54:36.573889281][MyFirstDANProgram:12399][sdn-api][info] logging 1000 sample 
[2018-01-10T11:54:36.574886694][MyFirstDANProgram:12399][sdn-api][info] logging 1000 sample 
[2018-01-10T11:54:36.575890866][MyFirstDANProgram:12399][sdn-api][info] logging 1000 sample 
[2018-01-10T11:54:36.576888130][MyFirstDANProgram:12399][sdn-api][info] logging 1000 sample 
[2018-01-10T11:54:36.577887187][MyFirstDANProgram:12399][sdn-api][info] logging 1000 sample 
[2018-01-10T11:54:36.578881086][MyFirstDANProgram:12399][sdn-api][info] logging 1000 sample 
[2018-01-10T11:54:36.579881129][MyFirstDANProgram:12399][sdn-api][info] logging 1000 sample 
[2018-01-10T11:54:36.580881352][MyFirstDANProgram:12399][sdn-api][info] logging 1000 sample 
[2018-01-10T11:54:36.581881625][MyFirstDANProgram:12399][sdn-api][info] logging 1000 sample 
[2018-01-10T11:54:36.582893464][MyFirstDANProgram:12399][sdn-api][info] logging 1000 sample 
[2018-01-10T11:54:36.583883899][MyFirstDANProgram:12399][sdn-api][info] logging 1000 sample 
[2018-01-10T11:54:36.584883587][MyFirstDANProgram:12399][sdn-api][info] logging 1000 sample 
[2018-01-10T11:54:36.585883787][MyFirstDANProgram:12399][sdn-api][info] logging 1000 sample 
[2018-01-10T11:54:36.586882812][MyFirstDANProgram:12399][sdn-api][info] logging 1000 sample 
[2018-01-10T11:54:36.587882132][MyFirstDANProgram:12399][sdn-api][info] logging 1000 sample 
[2018-01-10T11:54:36.588881699][MyFirstDANProgram:12399][sdn-api][info] logging 1000 sample 
[2018-01-10T11:54:36.589885490][MyFirstDANProgram:12399][sdn-api][info] logging 1000 sample 
[2018-01-10T11:54:36.590884334][MyFirstDANProgram:12399][sdn-api][info] logging 1000 sample 
[2018-01-10T11:54:36.591880591][MyFirstDANProgram:12399][sdn-api][info] logging 1000 sample 
[2018-01-10T11:54:36.592885919][MyFirstDANProgram:12399][sdn-api][info] logging 1000 sample 
[2018-01-10T11:54:36.593879970][MyFirstDANProgram:12399][sdn-api][info] logging 1000 sample 
[2018-01-10T11:54:36.594880424][MyFirstDANProgram:12399][sdn-api][info] logging 1000 sample 
[2018-01-10T11:54:36.595880125][MyFirstDANProgram:12399][sdn-api][info] logging 1000 sample 
[2018-01-10T11:54:36.596880683][MyFirstDANProgram:12399][sdn-api][info] logging 1000 sample 
[2018-01-10T11:54:36.597880156][MyFirstDANProgram:12399][sdn-api][info] logging 1000 sample 
[2018-01-10T11:54:36.598880313][MyFirstDANProgram:12399][sdn-api][info] logging 1000 sample 
[2018-01-10T11:54:36.599881376][MyFirstDANProgram:12399][sdn-api][info] logging 1000 sample 
[2018-01-10T11:54:36.600880428][MyFirstDANProgram:12399][sdn-api][info] logging 1000 sample 
[2018-01-10T11:54:36.601880319][MyFirstDANProgram:12399][sdn-api][info] logging 1000 sample 
[2018-01-10T11:54:36.602884093][MyFirstDANProgram:12399][sdn-api][info] logging 1000 sample 
[2018-01-10T11:54:36.603880607][MyFirstDANProgram:12399][sdn-api][info] logging 1000 sample 
[2018-01-10T11:54:36.604885920][MyFirstDANProgram:12399][sdn-api][info] logging 1000 sample 
[2018-01-10T11:54:36.605881747][MyFirstDANProgram:12399][sdn-api][info] logging 1000 sample 
[2018-01-10T11:54:36.606881682][MyFirstDANProgram:12399][sdn-api][info] logging 1000 sample 
[2018-01-10T11:54:36.607881597][MyFirstDANProgram:12399][sdn-api][info] logging 1000 sample 
[2018-01-10T11:54:36.608881603][MyFirstDANProgram:12399][sdn-api][info] logging 1000 sample 
[2018-01-10T11:54:36.609882222][MyFirstDANProgram:12399][sdn-api][info] logging 1000 sample 
[2018-01-10T11:54:36.610881028][MyFirstDANProgram:12399][sdn-api][info] logging 1000 sample 
[2018-01-10T11:54:36.611881725][MyFirstDANProgram:12399][sdn-api][info] logging 1000 sample 
[2018-01-10T11:54:36.612882272][MyFirstDANProgram:12399][sdn-api][info] logging 1000 sample 
[2018-01-10T11:54:36.613883498][MyFirstDANProgram:12399][sdn-api][info] logging 1000 sample 
[2018-01-10T11:54:36.614881825][MyFirstDANProgram:12399][sdn-api][info] logging 1000 sample 
[2018-01-10T11:54:36.615881526][MyFirstDANProgram:12399][sdn-api][info] logging 1000 sample 
[2018-01-10T11:54:36.616882063][MyFirstDANProgram:12399][sdn-api][info] logging 1000 sample 
[2018-01-10T11:54:36.617881978][MyFirstDANProgram:12399][sdn-api][info] logging 1000 sample 
[2018-01-10T11:54:36.618882358][MyFirstDANProgram:12399][sdn-api][info] logging 1000 sample 
[2018-01-10T11:54:36.619882064][MyFirstDANProgram:12399][sdn-api][info] logging 1000 sample 
[2018-01-10T11:54:36.620881951][MyFirstDANProgram:12399][sdn-api][info] logging 1000 sample 
[2018-01-10T11:54:36.621881203][MyFirstDANProgram:12399][sdn-api][info] logging 1000 sample 
[2018-01-10T11:54:36.622881307][MyFirstDANProgram:12399][sdn-api][info] logging 1000 sample 
[2018-01-10T11:54:36.623882601][MyFirstDANProgram:12399][sdn-api][info] logging 1000 sample 
[2018-01-10T11:54:36.624881940][MyFirstDANProgram:12399][sdn-api][info] logging 1000 sample 
[2018-01-10T11:54:36.625881518][MyFirstDANProgram:12399][sdn-api][info] logging 1000 sample 
[2018-01-10T11:54:36.626882684][MyFirstDANProgram:12399][sdn-api][info] logging 1000 sample 
[2018-01-10T11:54:36.627881322][MyFirstDANProgram:12399][sdn-api][info] logging 1000 sample 
[2018-01-10T11:54:36.628882992][MyFirstDANProgram:12399][sdn-api][info] logging 1000 sample 
[2018-01-10T11:54:36.629881986][MyFirstDANProgram:12399][sdn-api][info] logging 1000 sample 
[2018-01-10T11:54:36.630882654][MyFirstDANProgram:12399][sdn-api][info] logging 1000 sample 
[2018-01-10T11:54:36.631882168][MyFirstDANProgram:12399][sdn-api][info] logging 1000 sample 
[2018-01-10T11:54:36.632881853][MyFirstDANProgram:12399][sdn-api][info] logging 1000 sample 
[2018-01-10T11:54:36.633884452][MyFirstDANProgram:12399][sdn-api][info] logging 1000 sample 
[2018-01-10T11:54:36.634883593][MyFirstDANProgram:12399][sdn-api][info] logging 1000 sample 
[2018-01-10T11:54:36.635883898][MyFirstDANProgram:12399][sdn-api][info] logging 1000 sample 
[2018-01-10T11:54:36.636883289][MyFirstDANProgram:12399][sdn-api][info] logging 1000 sample 
[2018-01-10T11:54:36.637885414][MyFirstDANProgram:12399][sdn-api][info] logging 1000 sample 
[2018-01-10T11:54:36.638883577][MyFirstDANProgram:12399][sdn-api][info] logging 1000 sample 
[2018-01-10T11:54:36.639884442][MyFirstDANProgram:12399][sdn-api][info] logging 1000 sample 
[2018-01-10T11:54:36.640884699][MyFirstDANProgram:12399][sdn-api][info] logging 1000 sample 
[2018-01-10T11:54:36.641882321][MyFirstDANProgram:12399][sdn-api][info] logging 1000 sample 
[2018-01-10T11:54:36.642881831][MyFirstDANProgram:12399][sdn-api][info] logging 1000 sample 
[2018-01-10T11:54:36.643890535][MyFirstDANProgram:12399][sdn-api][info] logging 1000 sample 
[2018-01-10T11:54:36.644883066][MyFirstDANProgram:12399][sdn-api][info] logging 1000 sample 
[2018-01-10T11:54:36.645883079][MyFirstDANProgram:12399][sdn-api][info] logging 1000 sample 
[2018-01-10T11:54:36.646881140][MyFirstDANProgram:12399][sdn-api][info] logging 1000 sample 
[2018-01-10T11:54:36.647882108][MyFirstDANProgram:12399][sdn-api][info] logging 1000 sample 
[2018-01-10T11:54:36.648881295][MyFirstDANProgram:12399][sdn-api][info] logging 1000 sample 
[2018-01-10T11:54:36.649881139][MyFirstDANProgram:12399][sdn-api][info] logging 1000 sample 
[2018-01-10T11:54:36.650881152][MyFirstDANProgram:12399][sdn-api][info] logging 1000 sample 
[2018-01-10T11:54:36.651880966][MyFirstDANProgram:12399][sdn-api][info] logging 1000 sample 
[2018-01-10T11:54:36.652885666][MyFirstDANProgram:12399][sdn-api][info] logging 1000 sample 
[2018-01-10T11:54:36.653879470][MyFirstDANProgram:12399][sdn-api][info] logging 1000 sample 
[2018-01-10T11:54:36.654879154][MyFirstDANProgram:12399][sdn-api][info] logging 1000 sample 
[2018-01-10T11:54:36.655884048][MyFirstDANProgram:12399][sdn-api][info] logging 1000 sample 
[2018-01-10T11:54:36.656878925][MyFirstDANProgram:12399][sdn-api][info] logging 1000 sample 
[2018-01-10T11:54:36.657879593][MyFirstDANProgram:12399][sdn-api][info] logging 1000 sample 
[2018-01-10T11:54:36.658878757][MyFirstDANProgram:12399][sdn-api][info] logging 1000 sample 
[2018-01-10T11:54:36.659879373][MyFirstDANProgram:12399][sdn-api][info] logging 1000 sample 
[2018-01-10T11:54:36.660879924][MyFirstDANProgram:12399][sdn-api][info] logging 1000 sample 
[2018-01-10T11:54:36.661878758][MyFirstDANProgram:12399][sdn-api][info] logging 1000 sample 
[2018-01-10T11:54:36.662878493][MyFirstDANProgram:12399][sdn-api][info] logging 1000 sample 
[2018-01-10T11:54:36.663879400][MyFirstDANProgram:12399][sdn-api][info] logging 1000 sample 
[2018-01-10T11:54:36.664879524][MyFirstDANProgram:12399][sdn-api][info] logging 1000 sample 
[2018-01-10T11:54:36.665879421][MyFirstDANProgram:12399][sdn-api][info] logging 1000 sample 
[2018-01-10T11:54:36.666879399][MyFirstDANProgram:12399][sdn-api][info] logging 1000 sample 
[2018-01-10T11:54:36.667879389][MyFirstDANProgram:12399][sdn-api][info] logging 1000 sample 
[2018-01-10T11:54:36.668879345][MyFirstDANProgram:12399][sdn-api][info] logging 1000 sample 
[2018-01-10T11:54:36.669879426][MyFirstDANProgram:12399][sdn-api][info] logging 1000 sample 
[2018-01-10T11:54:36.670879777][MyFirstDANProgram:12399][sdn-api][info] logging 1000 sample 
[2018-01-10T11:54:36.671879508][MyFirstDANProgram:12399][sdn-api][info] logging 1000 sample 
[2018-01-10T11:54:36.672880827][MyFirstDANProgram:12399][sdn-api][info] logging 1000 sample 
[2018-01-10T11:54:36.673879759][MyFirstDANProgram:12399][sdn-api][info] logging 1000 sample 
[2018-01-10T11:54:36.674881634][MyFirstDANProgram:12399][sdn-api][info] logging 1000 sample 
[2018-01-10T11:54:36.675881174][MyFirstDANProgram:12399][sdn-api][info] logging 1000 sample 
[2018-01-10T11:54:36.676881784][MyFirstDANProgram:12399][sdn-api][info] logging 1000 sample 
[2018-01-10T11:54:36.677883530][MyFirstDANProgram:12399][sdn-api][info] logging 1000 sample 
[2018-01-10T11:54:36.678881318][MyFirstDANProgram:12399][sdn-api][info] logging 1000 sample 
[2018-01-10T11:54:36.679881276][MyFirstDANProgram:12399][sdn-api][info] logging 1000 sample 
[2018-01-10T11:54:36.680882947][MyFirstDANProgram:12399][sdn-api][info] logging 1000 sample 
[2018-01-10T11:54:36.681881247][MyFirstDANProgram:12399][sdn-api][info] logging 1000 sample 
[2018-01-10T11:54:36.682881375][MyFirstDANProgram:12399][sdn-api][info] logging 1000 sample 
[2018-01-10T11:54:36.683881037][MyFirstDANProgram:12399][sdn-api][info] logging 1000 sample 
[2018-01-10T11:54:36.684882703][MyFirstDANProgram:12399][sdn-api][info] logging 1000 sample 
[2018-01-10T11:54:36.685881929][MyFirstDANProgram:12399][sdn-api][info] logging 1000 sample 
[2018-01-10T11:54:36.686881924][MyFirstDANProgram:12399][sdn-api][info] logging 1000 sample 
[2018-01-10T11:54:36.687882145][MyFirstDANProgram:12399][sdn-api][info] logging 1000 sample 
[2018-01-10T11:54:36.688881919][MyFirstDANProgram:12399][sdn-api][info] logging 1000 sample 
[2018-01-10T11:54:36.689882774][MyFirstDANProgram:12399][sdn-api][info] logging 1000 sample 
[2018-01-10T11:54:36.690882346][MyFirstDANProgram:12399][sdn-api][info] logging 1000 sample 
[2018-01-10T11:54:36.691882486][MyFirstDANProgram:12399][sdn-api][info] logging 1000 sample 
[2018-01-10T11:54:36.692883566][MyFirstDANProgram:12399][sdn-api][info] logging 1000 sample 
[2018-01-10T11:54:36.693883501][MyFirstDANProgram:12399][sdn-api][info] logging 1000 sample 
[2018-01-10T11:54:36.694887306][MyFirstDANProgram:12399][sdn-api][info] logging 1000 sample 
[2018-01-10T11:54:36.695886607][MyFirstDANProgram:12399][sdn-api][info] logging 1000 sample 
[2018-01-10T11:54:36.696883952][MyFirstDANProgram:12399][sdn-api][info] logging 1000 sample 
[2018-01-10T11:54:36.697888270][MyFirstDANProgram:12399][sdn-api][info] logging 1000 sample 
[2018-01-10T11:54:36.698887727][MyFirstDANProgram:12399][sdn-api][info] logging 1000 sample 
[2018-01-10T11:54:36.699884949][MyFirstDANProgram:12399][sdn-api][info] logging 1000 sample 
[2018-01-10T11:54:36.700885752][MyFirstDANProgram:12399][sdn-api][info] logging 1000 sample 
[2018-01-10T11:54:36.701885007][MyFirstDANProgram:12399][sdn-api][info] logging 1000 sample 
[2018-01-10T11:54:36.702884244][MyFirstDANProgram:12399][sdn-api][info] logging 1000 sample 
[2018-01-10T11:54:36.703884628][MyFirstDANProgram:12399][sdn-api][info] logging 1000 sample 
[2018-01-10T11:54:36.704887717][MyFirstDANProgram:12399][sdn-api][info] logging 1000 sample 
[2018-01-10T11:54:36.705885508][MyFirstDANProgram:12399][sdn-api][info] logging 1000 sample 
[2018-01-10T11:54:36.706885298][MyFirstDANProgram:12399][sdn-api][info] logging 1000 sample 
[2018-01-10T11:54:36.707898883][MyFirstDANProgram:12399][sdn-api][info] logging 1000 sample 
[2018-01-10T11:54:36.708886942][MyFirstDANProgram:12399][sdn-api][info] logging 1000 sample 
[2018-01-10T11:54:36.709884272][MyFirstDANProgram:12399][sdn-api][info] logging 1000 sample 
[2018-01-10T11:54:36.710885503][MyFirstDANProgram:12399][sdn-api][info] logging 1000 sample 
[2018-01-10T11:54:36.711885033][MyFirstDANProgram:12399][sdn-api][info] logging 1000 sample 
[2018-01-10T11:54:36.712885757][MyFirstDANProgram:12399][sdn-api][info] logging 1000 sample 
[2018-01-10T11:54:36.713885008][MyFirstDANProgram:12399][sdn-api][info] logging 1000 sample 
[2018-01-10T11:54:36.714885714][MyFirstDANProgram:12399][sdn-api][info] logging 1000 sample 
[2018-01-10T11:54:36.715884628][MyFirstDANProgram:12399][sdn-api][info] logging 1000 sample 
[2018-01-10T11:54:36.716884588][MyFirstDANProgram:12399][sdn-api][info] logging 1000 sample 
[2018-01-10T11:54:36.717885948][MyFirstDANProgram:12399][sdn-api][info] logging 1000 sample 
[2018-01-10T11:54:36.718886796][MyFirstDANProgram:12399][sdn-api][info] logging 1000 sample 
[2018-01-10T11:54:36.719886398][MyFirstDANProgram:12399][sdn-api][info] logging 1000 sample 
[2018-01-10T11:54:36.720889211][MyFirstDANProgram:12399][sdn-api][info] logging 1000 sample 
[2018-01-10T11:54:36.721887193][MyFirstDANProgram:12399][sdn-api][info] logging 1000 sample 
[2018-01-10T11:54:36.722887857][MyFirstDANProgram:12399][sdn-api][info] logging 1000 sample 
[2018-01-10T11:54:36.723891455][MyFirstDANProgram:12399][sdn-api][info] logging 1000 sample 
[2018-01-10T11:54:36.724888586][MyFirstDANProgram:12399][sdn-api][info] logging 1000 sample 
[2018-01-10T11:54:36.725886973][MyFirstDANProgram:12399][sdn-api][info] logging 1000 sample 
[2018-01-10T11:54:36.726887164][MyFirstDANProgram:12399][sdn-api][info] logging 1000 sample 
[2018-01-10T11:54:36.727886340][MyFirstDANProgram:12399][sdn-api][info] logging 1000 sample 
[2018-01-10T11:54:36.728886564][MyFirstDANProgram:12399][sdn-api][info] logging 1000 sample 
[2018-01-10T11:54:36.729887593][MyFirstDANProgram:12399][sdn-api][info] logging 1000 sample 
[2018-01-10T11:54:36.730891148][MyFirstDANProgram:12399][sdn-api][info] logging 1000 sample 
[2018-01-10T11:54:36.731889740][MyFirstDANProgram:12399][sdn-api][info] logging 1000 sample 
[2018-01-10T11:54:36.732890640][MyFirstDANProgram:12399][sdn-api][info] logging 1000 sample 
[2018-01-10T11:54:36.733892350][MyFirstDANProgram:12399][sdn-api][info] logging 1000 sample 
[2018-01-10T11:54:36.734890946][MyFirstDANProgram:12399][sdn-api][info] logging 1000 sample 
[2018-01-10T11:54:36.735890575][MyFirstDANProgram:12399][sdn-api][info] logging 1000 sample 
[2018-01-10T11:54:36.736888608][MyFirstDANProgram:12399][sdn-api][info] logging 1000 sample 
[2018-01-10T11:54:36.737889127][MyFirstDANProgram:12399][sdn-api][info] logging 1000 sample 
[2018-01-10T11:54:36.738888499][MyFirstDANProgram:12399][sdn-api][info] logging 1000 sample 
[2018-01-10T11:54:36.739888904][MyFirstDANProgram:12399][sdn-api][info] logging 1000 sample 
[2018-01-10T11:54:36.740891417][MyFirstDANProgram:12399][sdn-api][info] logging 1000 sample 
[2018-01-10T11:54:36.741887382][MyFirstDANProgram:12399][sdn-api][info] logging 1000 sample 
[2018-01-10T11:54:36.742885321][MyFirstDANProgram:12399][sdn-api][info] logging 1000 sample 
[2018-01-10T11:54:36.743885359][MyFirstDANProgram:12399][sdn-api][info] logging 1000 sample 
[2018-01-10T11:54:36.744879652][MyFirstDANProgram:12399][sdn-api][info] logging 1000 sample 
[2018-01-10T11:54:36.745879814][MyFirstDANProgram:12399][sdn-api][info] logging 1000 sample 
[2018-01-10T11:54:36.746889680][MyFirstDANProgram:12399][sdn-api][info] logging 1000 sample 
[2018-01-10T11:54:36.747879980][MyFirstDANProgram:12399][sdn-api][info] logging 1000 sample 
[2018-01-10T11:54:36.748881126][MyFirstDANProgram:12399][sdn-api][info] logging 1000 sample 
[2018-01-10T11:54:36.749881426][MyFirstDANProgram:12399][sdn-api][info] logging 1000 sample 
[2018-01-10T11:54:36.750881760][MyFirstDANProgram:12399][sdn-api][info] logging 1000 sample 
[2018-01-10T11:54:36.751881996][MyFirstDANProgram:12399][sdn-api][info] logging 1000 sample 
[2018-01-10T11:54:36.752879798][MyFirstDANProgram:12399][sdn-api][info] logging 1000 sample 
[2018-01-10T11:54:36.753880101][MyFirstDANProgram:12399][sdn-api][info] logging 1000 sample 
[2018-01-10T11:54:36.754879849][MyFirstDANProgram:12399][sdn-api][info] logging 1000 sample 
[2018-01-10T11:54:36.755879627][MyFirstDANProgram:12399][sdn-api][info] logging 1000 sample 
[2018-01-10T11:54:36.756882348][MyFirstDANProgram:12399][sdn-api][info] logging 1000 sample 
[2018-01-10T11:54:36.757881587][MyFirstDANProgram:12399][sdn-api][info] logging 1000 sample 
[2018-01-10T11:54:36.758893990][MyFirstDANProgram:12399][sdn-api][info] logging 1000 sample 
[2018-01-10T11:54:36.759882087][MyFirstDANProgram:12399][sdn-api][info] logging 1000 sample 
[2018-01-10T11:54:36.760881723][MyFirstDANProgram:12399][sdn-api][info] logging 1000 sample 
[2018-01-10T11:54:36.761881501][MyFirstDANProgram:12399][sdn-api][info] logging 1000 sample 
[2018-01-10T11:54:36.762882911][MyFirstDANProgram:12399][sdn-api][info] logging 1000 sample 
[2018-01-10T11:54:36.763884567][MyFirstDANProgram:12399][sdn-api][info] logging 1000 sample 
[2018-01-10T11:54:36.764883644][MyFirstDANProgram:12399][sdn-api][info] logging 1000 sample 
[2018-01-10T11:54:36.765884358][MyFirstDANProgram:12399][sdn-api][info] logging 1000 sample 
[2018-01-10T11:54:36.766883208][MyFirstDANProgram:12399][sdn-api][info] logging 1000 sample 
[2018-01-10T11:54:36.767887185][MyFirstDANProgram:12399][sdn-api][info] logging 1000 sample 
[2018-01-10T11:54:36.768885957][MyFirstDANProgram:12399][sdn-api][info] logging 1000 sample 
[2018-01-10T11:54:36.769886985][MyFirstDANProgram:12399][sdn-api][info] logging 1000 sample 
[2018-01-10T11:54:36.770889154][MyFirstDANProgram:12399][sdn-api][info] logging 1000 sample 
[2018-01-10T11:54:36.771885617][MyFirstDANProgram:12399][sdn-api][info] logging 1000 sample 
[2018-01-10T11:54:36.772885655][MyFirstDANProgram:12399][sdn-api][info] logging 1000 sample 
[2018-01-10T11:54:36.773884159][MyFirstDANProgram:12399][sdn-api][info] logging 1000 sample 
[2018-01-10T11:54:36.774885454][MyFirstDANProgram:12399][sdn-api][info] logging 1000 sample 
[2018-01-10T11:54:36.775883330][MyFirstDANProgram:12399][sdn-api][info] logging 1000 sample 
[2018-01-10T11:54:36.776880945][MyFirstDANProgram:12399][sdn-api][info] logging 1000 sample 
[2018-01-10T11:54:36.777879107][MyFirstDANProgram:12399][sdn-api][info] logging 1000 sample 
[2018-01-10T11:54:36.778878867][MyFirstDANProgram:12399][sdn-api][info] logging 1000 sample 
[2018-01-10T11:54:36.779878963][MyFirstDANProgram:12399][sdn-api][info] logging 1000 sample 
[2018-01-10T11:54:36.780879728][MyFirstDANProgram:12399][sdn-api][info] logging 1000 sample 
[2018-01-10T11:54:36.781879158][MyFirstDANProgram:12399][sdn-api][info] logging 1000 sample 
[2018-01-10T11:54:36.782879919][MyFirstDANProgram:12399][sdn-api][info] logging 1000 sample 
[2018-01-10T11:54:36.783880021][MyFirstDANProgram:12399][sdn-api][info] logging 1000 sample 
[2018-01-10T11:54:36.784880070][MyFirstDANProgram:12399][sdn-api][info] logging 1000 sample 
[2018-01-10T11:54:36.785883375][MyFirstDANProgram:12399][sdn-api][info] logging 1000 sample 
[2018-01-10T11:54:36.786884440][MyFirstDANProgram:12399][sdn-api][info] logging 1000 sample 
[2018-01-10T11:54:36.787883499][MyFirstDANProgram:12399][sdn-api][info] logging 1000 sample 
[2018-01-10T11:54:36.788883025][MyFirstDANProgram:12399][sdn-api][info] logging 1000 sample 
[2018-01-10T11:54:36.789882748][MyFirstDANProgram:12399][sdn-api][info] logging 1000 sample 
[2018-01-10T11:54:36.790883723][MyFirstDANProgram:12399][sdn-api][info] logging 1000 sample 
[2018-01-10T11:54:36.791881400][MyFirstDANProgram:12399][sdn-api][info] logging 1000 sample 
[2018-01-10T11:54:36.792881331][MyFirstDANProgram:12399][sdn-api][info] logging 1000 sample 
[2018-01-10T11:54:36.793881346][MyFirstDANProgram:12399][sdn-api][info] logging 1000 sample 
[2018-01-10T11:54:36.794881234][MyFirstDANProgram:12399][sdn-api][info] logging 1000 sample 
[2018-01-10T11:54:36.795881159][MyFirstDANProgram:12399][sdn-api][info] logging 1000 sample 
[2018-01-10T11:54:36.796881430][MyFirstDANProgram:12399][sdn-api][info] logging 1000 sample 
[2018-01-10T11:54:36.797881567][MyFirstDANProgram:12399][sdn-api][info] logging 1000 sample 
[2018-01-10T11:54:36.798883740][MyFirstDANProgram:12399][sdn-api][info] logging 1000 sample 
[2018-01-10T11:54:36.799882648][MyFirstDANProgram:12399][sdn-api][info] logging 1000 sample 
[2018-01-10T11:54:36.800885162][MyFirstDANProgram:12399][sdn-api][info] logging 1000 sample 
[2018-01-10T11:54:36.801884178][MyFirstDANProgram:12399][sdn-api][info] logging 1000 sample 
[2018-01-10T11:54:36.802886501][MyFirstDANProgram:12399][sdn-api][info] logging 1000 sample 
[2018-01-10T11:54:36.803883012][MyFirstDANProgram:12399][sdn-api][info] logging 1000 sample 
[2018-01-10T11:54:36.804881893][MyFirstDANProgram:12399][sdn-api][info] logging 1000 sample 
[2018-01-10T11:54:36.805882758][MyFirstDANProgram:12399][sdn-api][info] logging 1000 sample 
[2018-01-10T11:54:36.806885146][MyFirstDANProgram:12399][sdn-api][info] logging 1000 sample 
[2018-01-10T11:54:36.807881865][MyFirstDANProgram:12399][sdn-api][info] logging 1000 sample 
[2018-01-10T11:54:36.808882193][MyFirstDANProgram:12399][sdn-api][info] logging 1000 sample 
[2018-01-10T11:54:36.809890478][MyFirstDANProgram:12399][sdn-api][info] logging 1000 sample 
[2018-01-10T11:54:36.810881860][MyFirstDANProgram:12399][sdn-api][info] logging 1000 sample 
[2018-01-10T11:54:36.811880294][MyFirstDANProgram:12399][sdn-api][info] logging 1000 sample 
[2018-01-10T11:54:36.812880340][MyFirstDANProgram:12399][sdn-api][info] logging 1000 sample 
[2018-01-10T11:54:36.813880259][MyFirstDANProgram:12399][sdn-api][info] logging 1000 sample 
[2018-01-10T11:54:36.814881151][MyFirstDANProgram:12399][sdn-api][info] logging 1000 sample 
[2018-01-10T11:54:36.815880628][MyFirstDANProgram:12399][sdn-api][info] logging 1000 sample 
[2018-01-10T11:54:36.816880210][MyFirstDANProgram:12399][sdn-api][info] logging 1000 sample 
[2018-01-10T11:54:36.817880447][MyFirstDANProgram:12399][sdn-api][info] logging 1000 sample 
[2018-01-10T11:54:36.818883083][MyFirstDANProgram:12399][sdn-api][info] logging 1000 sample 
[2018-01-10T11:54:36.819883132][MyFirstDANProgram:12399][sdn-api][info] logging 1000 sample 
[2018-01-10T11:54:36.820883780][MyFirstDANProgram:12399][sdn-api][info] logging 1000 sample 
[2018-01-10T11:54:36.821883474][MyFirstDANProgram:12399][sdn-api][info] logging 1000 sample 
[2018-01-10T11:54:36.822883214][MyFirstDANProgram:12399][sdn-api][info] logging 1000 sample 
[2018-01-10T11:54:36.823884196][MyFirstDANProgram:12399][sdn-api][info] logging 1000 sample 
[2018-01-10T11:54:36.824883484][MyFirstDANProgram:12399][sdn-api][info] logging 1000 sample 
[2018-01-10T11:54:36.825883699][MyFirstDANProgram:12399][sdn-api][info] logging 1000 sample 
[2018-01-10T11:54:36.826886643][MyFirstDANProgram:12399][sdn-api][info] logging 1000 sample 
[2018-01-10T11:54:36.827884637][MyFirstDANProgram:12399][sdn-api][info] logging 1000 sample 
[2018-01-10T11:54:36.828882744][MyFirstDANProgram:12399][sdn-api][info] logging 1000 sample 
[2018-01-10T11:54:36.829883673][MyFirstDANProgram:12399][sdn-api][info] logging 1000 sample 
[2018-01-10T11:54:36.830882867][MyFirstDANProgram:12399][sdn-api][info] logging 1000 sample 
[2018-01-10T11:54:36.831884244][MyFirstDANProgram:12399][sdn-api][info] logging 1000 sample 
[2018-01-10T11:54:36.832883361][MyFirstDANProgram:12399][sdn-api][info] logging 1000 sample 
[2018-01-10T11:54:36.833882913][MyFirstDANProgram:12399][sdn-api][info] logging 1000 sample 
[2018-01-10T11:54:36.834882931][MyFirstDANProgram:12399][sdn-api][info] logging 1000 sample 
[2018-01-10T11:54:36.835883341][MyFirstDANProgram:12399][sdn-api][info] logging 1000 sample 
[2018-01-10T11:54:36.836883738][MyFirstDANProgram:12399][sdn-api][info] logging 1000 sample 
[2018-01-10T11:54:36.837888700][MyFirstDANProgram:12399][sdn-api][info] logging 1000 sample 
[2018-01-10T11:54:36.838886128][MyFirstDANProgram:12399][sdn-api][info] logging 1000 sample 
[2018-01-10T11:54:36.839922365][MyFirstDANProgram:12399][sdn-api][info] logging 1000 sample 
[2018-01-10T11:54:36.840888852][MyFirstDANProgram:12399][sdn-api][info] logging 1000 sample 
[2018-01-10T11:54:36.841885468][MyFirstDANProgram:12399][sdn-api][info] logging 1000 sample 
[2018-01-10T11:54:36.842886588][MyFirstDANProgram:12399][sdn-api][info] logging 1000 sample 
[2018-01-10T11:54:36.843885547][MyFirstDANProgram:12399][sdn-api][info] logging 1000 sample 
[2018-01-10T11:54:36.844885668][MyFirstDANProgram:12399][sdn-api][info] logging 1000 sample 
[2018-01-10T11:54:36.845885909][MyFirstDANProgram:12399][sdn-api][info] logging 1000 sample 
[2018-01-10T11:54:36.846885612][MyFirstDANProgram:12399][sdn-api][info] logging 1000 sample 
[2018-01-10T11:54:36.847888606][MyFirstDANProgram:12399][sdn-api][info] logging 1000 sample 
[2018-01-10T11:54:36.848902758][MyFirstDANProgram:12399][sdn-api][info] logging 1000 sample 
[2018-01-10T11:54:36.849887320][MyFirstDANProgram:12399][sdn-api][info] logging 1000 sample 
[2018-01-10T11:54:36.850886455][MyFirstDANProgram:12399][sdn-api][info] logging 1000 sample 
[2018-01-10T11:54:36.851885888][MyFirstDANProgram:12399][sdn-api][info] logging 1000 sample 
[2018-01-10T11:54:36.852891038][MyFirstDANProgram:12399][sdn-api][info] logging 1000 sample 
[2018-01-10T11:54:36.853887312][MyFirstDANProgram:12399][sdn-api][info] logging 1000 sample 
[2018-01-10T11:54:36.854887875][MyFirstDANProgram:12399][sdn-api][info] logging 1000 sample 
[2018-01-10T11:54:36.855887253][MyFirstDANProgram:12399][sdn-api][info] logging 1000 sample 
[2018-01-10T11:54:36.856890816][MyFirstDANProgram:12399][sdn-api][info] logging 1000 sample 
[2018-01-10T11:54:36.857891464][MyFirstDANProgram:12399][sdn-api][info] logging 1000 sample 
[2018-01-10T11:54:36.858889695][MyFirstDANProgram:12399][sdn-api][info] logging 1000 sample 
[2018-01-10T11:54:36.859890770][MyFirstDANProgram:12399][sdn-api][info] logging 1000 sample 
[2018-01-10T11:54:36.860907196][MyFirstDANProgram:12399][sdn-api][info] logging 1000 sample 
[2018-01-10T11:54:36.861888075][MyFirstDANProgram:12399][sdn-api][info] logging 1000 sample 
[2018-01-10T11:54:36.862888141][MyFirstDANProgram:12399][sdn-api][info] logging 1000 sample 
[2018-01-10T11:54:36.863883306][MyFirstDANProgram:12399][sdn-api][info] logging 1000 sample 
[2018-01-10T11:54:36.864884474][MyFirstDANProgram:12399][sdn-api][info] logging 1000 sample 
[2018-01-10T11:54:36.865884384][MyFirstDANProgram:12399][sdn-api][info] logging 1000 sample 
[2018-01-10T11:54:36.866886044][MyFirstDANProgram:12399][sdn-api][info] logging 1000 sample 
[2018-01-10T11:54:36.867883694][MyFirstDANProgram:12399][sdn-api][info] logging 1000 sample 
[2018-01-10T11:54:36.868882417][MyFirstDANProgram:12399][sdn-api][info] logging 1000 sample 
[2018-01-10T11:54:36.869882516][MyFirstDANProgram:12399][sdn-api][info] logging 1000 sample 
[2018-01-10T11:54:36.870882812][MyFirstDANProgram:12399][sdn-api][info] logging 1000 sample 
[2018-01-10T11:54:36.871882542][MyFirstDANProgram:12399][sdn-api][info] logging 1000 sample 
[2018-01-10T11:54:36.872882956][MyFirstDANProgram:12399][sdn-api][info] logging 1000 sample 
[2018-01-10T11:54:36.873883252][MyFirstDANProgram:12399][sdn-api][info] logging 1000 sample 
[2018-01-10T11:54:36.874889421][MyFirstDANProgram:12399][sdn-api][info] logging 1000 sample 
[2018-01-10T11:54:36.875889325][MyFirstDANProgram:12399][sdn-api][info] logging 1000 sample 
[2018-01-10T11:54:36.876889218][MyFirstDANProgram:12399][sdn-api][info] logging 1000 sample 
[2018-01-10T11:54:36.877890174][MyFirstDANProgram:12399][sdn-api][info] logging 1000 sample 
[2018-01-10T11:54:36.878888458][MyFirstDANProgram:12399][sdn-api][info] logging 1000 sample 
[2018-01-10T11:54:36.879886003][MyFirstDANProgram:12399][sdn-api][info] logging 1000 sample 
[2018-01-10T11:54:36.880884644][MyFirstDANProgram:12399][sdn-api][info] logging 1000 sample 
[2018-01-10T11:54:36.881888414][MyFirstDANProgram:12399][sdn-api][info] logging 1000 sample 
[2018-01-10T11:54:36.882885575][MyFirstDANProgram:12399][sdn-api][info] logging 1000 sample 
[2018-01-10T11:54:36.883885064][MyFirstDANProgram:12399][sdn-api][info] logging 1000 sample 
[2018-01-10T11:54:36.884887701][MyFirstDANProgram:12399][sdn-api][info] logging 1000 sample 
[2018-01-10T11:54:36.885886977][MyFirstDANProgram:12399][sdn-api][info] logging 1000 sample 
[2018-01-10T11:54:36.886885734][MyFirstDANProgram:12399][sdn-api][info] logging 1000 sample 
[2018-01-10T11:54:36.887885748][MyFirstDANProgram:12399][sdn-api][info] logging 1000 sample 
[2018-01-10T11:54:36.888885512][MyFirstDANProgram:12399][sdn-api][info] logging 1000 sample 
[2018-01-10T11:54:36.889885352][MyFirstDANProgram:12399][sdn-api][info] logging 1000 sample 
[2018-01-10T11:54:36.890889449][MyFirstDANProgram:12399][sdn-api][info] logging 1000 sample 
[2018-01-10T11:54:36.891887779][MyFirstDANProgram:12399][sdn-api][info] logging 1000 sample 
[2018-01-10T11:54:36.892887177][MyFirstDANProgram:12399][sdn-api][info] logging 1000 sample 
[2018-01-10T11:54:36.893886887][MyFirstDANProgram:12399][sdn-api][info] logging 1000 sample 
[2018-01-10T11:54:36.894887683][MyFirstDANProgram:12399][sdn-api][info] logging 1000 sample 
[2018-01-10T11:54:36.895887172][MyFirstDANProgram:12399][sdn-api][info] logging 1000 sample 
[2018-01-10T11:54:36.896886930][MyFirstDANProgram:12399][sdn-api][info] logging 1000 sample 
[2018-01-10T11:54:36.897884133][MyFirstDANProgram:12399][sdn-api][info] logging 1000 sample 
[2018-01-10T11:54:36.898885019][MyFirstDANProgram:12399][sdn-api][info] logging 1000 sample 
[2018-01-10T11:54:36.899883491][MyFirstDANProgram:12399][sdn-api][info] logging 1000 sample 
[2018-01-10T11:54:36.900883987][MyFirstDANProgram:12399][sdn-api][info] logging 1000 sample 
[2018-01-10T11:54:36.901883195][MyFirstDANProgram:12399][sdn-api][info] logging 1000 sample 
[2018-01-10T11:54:36.902883263][MyFirstDANProgram:12399][sdn-api][info] logging 1000 sample 
[2018-01-10T11:54:36.903882888][MyFirstDANProgram:12399][sdn-api][info] logging 1000 sample 
[2018-01-10T11:54:36.904885558][MyFirstDANProgram:12399][sdn-api][info] logging 1000 sample 
[2018-01-10T11:54:36.905883368][MyFirstDANProgram:12399][sdn-api][info] logging 1000 sample 
[2018-01-10T11:54:36.906883508][MyFirstDANProgram:12399][sdn-api][info] logging 1000 sample 
[2018-01-10T11:54:36.907889235][MyFirstDANProgram:12399][sdn-api][info] logging 1000 sample 
[2018-01-10T11:54:36.908890341][MyFirstDANProgram:12399][sdn-api][info] logging 1000 sample 
[2018-01-10T11:54:36.909886978][MyFirstDANProgram:12399][sdn-api][info] logging 1000 sample 
[2018-01-10T11:54:36.910886594][MyFirstDANProgram:12399][sdn-api][info] logging 1000 sample 
[2018-01-10T11:54:36.911900653][MyFirstDANProgram:12399][sdn-api][info] logging 1000 sample 
[2018-01-10T11:54:36.912887213][MyFirstDANProgram:12399][sdn-api][info] logging 1000 sample 
[2018-01-10T11:54:36.913886496][MyFirstDANProgram:12399][sdn-api][info] logging 1000 sample 
[2018-01-10T11:54:36.914887595][MyFirstDANProgram:12399][sdn-api][info] logging 1000 sample 
[2018-01-10T11:54:36.915886149][MyFirstDANProgram:12399][sdn-api][info] logging 1000 sample 
[2018-01-10T11:54:36.916886723][MyFirstDANProgram:12399][sdn-api][info] logging 1000 sample 
[2018-01-10T11:54:36.917886812][MyFirstDANProgram:12399][sdn-api][info] logging 1000 sample 
[2018-01-10T11:54:36.918885927][MyFirstDANProgram:12399][sdn-api][info] logging 1000 sample 
[2018-01-10T11:54:36.919884927][MyFirstDANProgram:12399][sdn-api][info] logging 1000 sample 
[2018-01-10T11:54:36.920884974][MyFirstDANProgram:12399][sdn-api][info] logging 1000 sample 
[2018-01-10T11:54:36.921884508][MyFirstDANProgram:12399][sdn-api][info] logging 1000 sample 
[2018-01-10T11:54:36.922885412][MyFirstDANProgram:12399][sdn-api][info] logging 1000 sample 
[2018-01-10T11:54:36.923887313][MyFirstDANProgram:12399][sdn-api][info] logging 1000 sample 
[2018-01-10T11:54:36.924885502][MyFirstDANProgram:12399][sdn-api][info] logging 1000 sample 
[2018-01-10T11:54:36.925885656][MyFirstDANProgram:12399][sdn-api][info] logging 1000 sample 
[2018-01-10T11:54:36.926887094][MyFirstDANProgram:12399][sdn-api][info] logging 1000 sample 
[2018-01-10T11:54:36.927887617][MyFirstDANProgram:12399][sdn-api][info] logging 1000 sample 
[2018-01-10T11:54:36.928887899][MyFirstDANProgram:12399][sdn-api][info] logging 1000 sample 
[2018-01-10T11:54:36.929886867][MyFirstDANProgram:12399][sdn-api][info] logging 1000 sample 
[2018-01-10T11:54:36.930886878][MyFirstDANProgram:12399][sdn-api][info] logging 1000 sample 
[2018-01-10T11:54:36.931889785][MyFirstDANProgram:12399][sdn-api][info] logging 1000 sample 
[2018-01-10T11:54:36.932887751][MyFirstDANProgram:12399][sdn-api][info] logging 1000 sample 
[2018-01-10T11:54:36.933890230][MyFirstDANProgram:12399][sdn-api][info] logging 1000 sample 
[2018-01-10T11:54:36.934888408][MyFirstDANProgram:12399][sdn-api][info] logging 1000 sample 
[2018-01-10T11:54:36.935888571][MyFirstDANProgram:12399][sdn-api][info] logging 1000 sample 
[2018-01-10T11:54:36.936887062][MyFirstDANProgram:12399][sdn-api][info] logging 1000 sample 
[2018-01-10T11:54:36.937888385][MyFirstDANProgram:12399][sdn-api][info] logging 1000 sample 
[2018-01-10T11:54:36.938882290][MyFirstDANProgram:12399][sdn-api][info] logging 1000 sample 
[2018-01-10T11:54:36.939882075][MyFirstDANProgram:12399][sdn-api][info] logging 1000 sample 
[2018-01-10T11:54:36.940884293][MyFirstDANProgram:12399][sdn-api][info] logging 1000 sample 
[2018-01-10T11:54:36.941882765][MyFirstDANProgram:12399][sdn-api][info] logging 1000 sample 
[2018-01-10T11:54:36.942883600][MyFirstDANProgram:12399][sdn-api][info] logging 1000 sample 
[2018-01-10T11:54:36.943882017][MyFirstDANProgram:12399][sdn-api][info] logging 1000 sample 
[2018-01-10T11:54:36.944882546][MyFirstDANProgram:12399][sdn-api][info] logging 1000 sample 
[2018-01-10T11:54:36.945881880][MyFirstDANProgram:12399][sdn-api][info] logging 1000 sample 
[2018-01-10T11:54:36.946882576][MyFirstDANProgram:12399][sdn-api][info] logging 1000 sample 
[2018-01-10T11:54:36.947881946][MyFirstDANProgram:12399][sdn-api][info] logging 1000 sample 
[2018-01-10T11:54:36.948882758][MyFirstDANProgram:12399][sdn-api][info] logging 1000 sample 
[2018-01-10T11:54:36.949881763][MyFirstDANProgram:12399][sdn-api][info] logging 1000 sample 
[2018-01-10T11:54:36.950900039][MyFirstDANProgram:12399][sdn-api][info] logging 1000 sample 
[2018-01-10T11:54:36.951887814][MyFirstDANProgram:12399][sdn-api][info] logging 1000 sample 
[2018-01-10T11:54:36.952888166][MyFirstDANProgram:12399][sdn-api][info] logging 1000 sample 
[2018-01-10T11:54:36.953888387][MyFirstDANProgram:12399][sdn-api][info] logging 1000 sample 
[2018-01-10T11:54:36.954885170][MyFirstDANProgram:12399][sdn-api][info] logging 1000 sample 
[2018-01-10T11:54:36.955890001][MyFirstDANProgram:12399][sdn-api][info] logging 1000 sample 
[2018-01-10T11:54:36.956888118][MyFirstDANProgram:12399][sdn-api][info] logging 1000 sample 
[2018-01-10T11:54:36.957888920][MyFirstDANProgram:12399][sdn-api][info] logging 1000 sample 
[2018-01-10T11:54:36.958882930][MyFirstDANProgram:12399][sdn-api][info] logging 1000 sample 
[2018-01-10T11:54:36.959882574][MyFirstDANProgram:12399][sdn-api][info] logging 1000 sample 
[2018-01-10T11:54:36.960882178][MyFirstDANProgram:12399][sdn-api][info] logging 1000 sample 
[2018-01-10T11:54:36.961882727][MyFirstDANProgram:12399][sdn-api][info] logging 1000 sample 
[2018-01-10T11:54:36.962884476][MyFirstDANProgram:12399][sdn-api][info] logging 1000 sample 
[2018-01-10T11:54:36.963894419][MyFirstDANProgram:12399][sdn-api][info] logging 1000 sample 
[2018-01-10T11:54:36.964884989][MyFirstDANProgram:12399][sdn-api][info] logging 1000 sample 
[2018-01-10T11:54:36.965883138][MyFirstDANProgram:12399][sdn-api][info] logging 1000 sample 
[2018-01-10T11:54:36.966881860][MyFirstDANProgram:12399][sdn-api][info] logging 1000 sample 
[2018-01-10T11:54:36.967882928][MyFirstDANProgram:12399][sdn-api][info] logging 1000 sample 
[2018-01-10T11:54:36.968882211][MyFirstDANProgram:12399][sdn-api][info] logging 1000 sample 
[2018-01-10T11:54:36.969881980][MyFirstDANProgram:12399][sdn-api][info] logging 1000 sample 
[2018-01-10T11:54:36.970885744][MyFirstDANProgram:12399][sdn-api][info] logging 1000 sample 
[2018-01-10T11:54:36.971884897][MyFirstDANProgram:12399][sdn-api][info] logging 1000 sample 
[2018-01-10T11:54:36.972886454][MyFirstDANProgram:12399][sdn-api][info] logging 1000 sample 
[2018-01-10T11:54:36.973888109][MyFirstDANProgram:12399][sdn-api][info] logging 1000 sample 
[2018-01-10T11:54:36.974886569][MyFirstDANProgram:12399][sdn-api][info] logging 1000 sample 
[2018-01-10T11:54:36.975886276][MyFirstDANProgram:12399][sdn-api][info] logging 1000 sample 
[2018-01-10T11:54:36.976885712][MyFirstDANProgram:12399][sdn-api][info] logging 1000 sample 
[2018-01-10T11:54:36.977886133][MyFirstDANProgram:12399][sdn-api][info] logging 1000 sample 
[2018-01-10T11:54:36.978886130][MyFirstDANProgram:12399][sdn-api][info] logging 1000 sample 
[2018-01-10T11:54:36.979885804][MyFirstDANProgram:12399][sdn-api][info] logging 1000 sample 
[2018-01-10T11:54:36.980887031][MyFirstDANProgram:12399][sdn-api][info] logging 1000 sample 
[2018-01-10T11:54:36.981886016][MyFirstDANProgram:12399][sdn-api][info] logging 1000 sample 
[2018-01-10T11:54:36.982885508][MyFirstDANProgram:12399][sdn-api][info] logging 1000 sample 
[2018-01-10T11:54:36.983885679][MyFirstDANProgram:12399][sdn-api][info] logging 1000 sample 
[2018-01-10T11:54:36.984886522][MyFirstDANProgram:12399][sdn-api][info] logging 1000 sample 
[2018-01-10T11:54:36.985888977][MyFirstDANProgram:12399][sdn-api][info] logging 1000 sample 
[2018-01-10T11:54:36.986887021][MyFirstDANProgram:12399][sdn-api][info] logging 1000 sample 
[2018-01-10T11:54:36.987889260][MyFirstDANProgram:12399][sdn-api][info] logging 1000 sample 
[2018-01-10T11:54:36.988888508][MyFirstDANProgram:12399][sdn-api][info] logging 1000 sample 
[2018-01-10T11:54:36.989887780][MyFirstDANProgram:12399][sdn-api][info] logging 1000 sample 
[2018-01-10T11:54:36.990889120][MyFirstDANProgram:12399][sdn-api][info] logging 1000 sample 
[2018-01-10T11:54:36.991888173][MyFirstDANProgram:12399][sdn-api][info] logging 1000 sample 
[2018-01-10T11:54:36.992886626][MyFirstDANProgram:12399][sdn-api][info] logging 1000 sample 
[2018-01-10T11:54:36.993886430][MyFirstDANProgram:12399][sdn-api][info] logging 1000 sample 
[2018-01-10T11:54:36.994883747][MyFirstDANProgram:12399][sdn-api][info] logging 1000 sample 
[2018-01-10T11:54:36.995883877][MyFirstDANProgram:12399][sdn-api][info] logging 1000 sample 
[2018-01-10T11:54:36.996883544][MyFirstDANProgram:12399][sdn-api][info] logging 1000 sample 
[2018-01-10T11:54:36.997883735][MyFirstDANProgram:12399][sdn-api][info] logging 1000 sample 
[2018-01-10T11:54:36.998884260][MyFirstDANProgram:12399][sdn-api][info] logging 1000 sample 
[2018-01-10T11:54:36.999883749][MyFirstDANProgram:12399][sdn-api][info] logging 1000 sample 
[2018-01-10T11:54:37.000885395][MyFirstDANProgram:12399][sdn-api][info] logging 1000 sample 
[2018-01-10T11:54:37.001885418][MyFirstDANProgram:12399][sdn-api][info] logging 1000 sample 
[2018-01-10T11:54:37.002883438][MyFirstDANProgram:12399][sdn-api][info] logging 1000 sample 
[2018-01-10T11:54:37.003883499][MyFirstDANProgram:12399][sdn-api][info] logging 1000 sample 
[2018-01-10T11:54:37.004882914][MyFirstDANProgram:12399][sdn-api][info] logging 1000 sample 
[2018-01-10T11:54:37.005885581][MyFirstDANProgram:12399][sdn-api][info] logging 1000 sample 
[2018-01-10T11:54:37.006886738][MyFirstDANProgram:12399][sdn-api][info] logging 1000 sample 
[2018-01-10T11:54:37.007886145][MyFirstDANProgram:12399][sdn-api][info] logging 1000 sample 
[2018-01-10T11:54:37.008876189][MyFirstDANProgram:12399][sdn-api][info] DAN end of acquisition, closing all resources
[2018-01-10T11:54:38.009170728][MyFirstDANProgram:12399][sdn-api][info] DAN end of acquisition, resources are now closed
[2018-01-10T11:54:38.009294240][MyFirstDANProgram:12399][log-lib][info] Terminate logging library
